<?xml version="1.0" encoding="UTF-8"?>
<testng-results skipped="1" failed="1" ignored="0" total="3" passed="1">
  <reporter-output>
  </reporter-output>
  <suite name="Default suite" duration-ms="2338" started-at="2017-10-12T17:50:58Z" finished-at="2017-10-12T17:51:00Z">
    <groups>
    </groups>
    <test name="Default test" duration-ms="2338" started-at="2017-10-12T17:50:58Z" finished-at="2017-10-12T17:51:00Z">
      <class name="reps.ExtentReportsClass">
        <test-method status="PASS" signature="startTest()[pri:0, instance:reps.ExtentReportsClass@cb5822]" name="startTest" is-config="true" duration-ms="1070" started-at="2017-10-12T23:20:58Z" finished-at="2017-10-12T23:20:59Z">
          <reporter-output>
          </reporter-output>
        </test-method> <!-- startTest -->
        <test-method status="FAIL" signature="failTest()[pri:0, instance:reps.ExtentReportsClass@cb5822]" name="failTest" duration-ms="20" started-at="2017-10-12T23:20:59Z" finished-at="2017-10-12T23:20:59Z">
          <exception class="java.lang.AssertionError">
            <message>
              <![CDATA[expected [true] but found [false]]]>
            </message>
            <full-stacktrace>
              <![CDATA[java.lang.AssertionError: expected [true] but found [false]
	at org.testng.Assert.fail(Assert.java:93)
	at org.testng.Assert.failNotEquals(Assert.java:512)
	at org.testng.Assert.assertTrue(Assert.java:41)
	at org.testng.Assert.assertTrue(Assert.java:51)
	at reps.ExtentReportsClass.failTest(ExtentReportsClass.java:42)
	at sun.reflect.NativeMethodAccessorImpl.invoke0(Native Method)
	at sun.reflect.NativeMethodAccessorImpl.invoke(NativeMethodAccessorImpl.java:62)
	at sun.reflect.DelegatingMethodAccessorImpl.invoke(DelegatingMethodAccessorImpl.java:43)
	at java.lang.reflect.Method.invoke(Method.java:483)
	at org.testng.internal.MethodInvocationHelper.invokeMethod(MethodInvocationHelper.java:108)
	at org.testng.internal.Invoker.invokeMethod(Invoker.java:661)
	at org.testng.internal.Invoker.invokeTestMethod(Invoker.java:869)
	at org.testng.internal.Invoker.invokeTestMethods(Invoker.java:1193)
	at org.testng.internal.TestMethodWorker.invokeTestMethods(TestMethodWorker.java:126)
	at org.testng.internal.TestMethodWorker.run(TestMethodWorker.java:109)
	at org.testng.TestRunner.privateRun(TestRunner.java:744)
	at org.testng.TestRunner.run(TestRunner.java:602)
	at org.testng.SuiteRunner.runTest(SuiteRunner.java:380)
	at org.testng.SuiteRunner.runSequentially(SuiteRunner.java:375)
	at org.testng.SuiteRunner.privateRun(SuiteRunner.java:340)
	at org.testng.SuiteRunner.run(SuiteRunner.java:289)
	at org.testng.SuiteRunnerWorker.runSuite(SuiteRunnerWorker.java:52)
	at org.testng.SuiteRunnerWorker.run(SuiteRunnerWorker.java:86)
	at org.testng.TestNG.runSuitesSequentially(TestNG.java:1301)
	at org.testng.TestNG.runSuitesLocally(TestNG.java:1226)
	at org.testng.TestNG.runSuites(TestNG.java:1144)
	at org.testng.TestNG.run(TestNG.java:1115)
	at org.testng.remote.AbstractRemoteTestNG.run(AbstractRemoteTestNG.java:132)
	at org.testng.remote.RemoteTestNG.initAndRun(RemoteTestNG.java:230)
	at org.testng.remote.RemoteTestNG.main(RemoteTestNG.java:76)
]]>
            </full-stacktrace>
          </exception> <!-- java.lang.AssertionError -->
          <reporter-output>
          </reporter-output>
        </test-method> <!-- failTest -->
        <test-method status="PASS" signature="getResult(org.testng.ITestResult)[pri:0, instance:reps.ExtentReportsClass@cb5822]" name="getResult" is-config="true" duration-ms="6" started-at="2017-10-12T23:20:59Z" finished-at="2017-10-12T23:20:59Z">
          <params>
            <param index="0">
              <value>
                <![CDATA[[TestResult name=failTest status=FAILURE method=ExtentReportsClass.failTest()[pri:0, instance:reps.ExtentReportsClass@cb5822] output={null}]]]>
              </value>
            </param>
          </params>
          <reporter-output>
          </reporter-output>
        </test-method> <!-- getResult -->
        <test-method status="PASS" signature="passTest()[pri:0, instance:reps.ExtentReportsClass@cb5822]" name="passTest" duration-ms="5" started-at="2017-10-12T23:20:59Z" finished-at="2017-10-12T23:20:59Z">
          <reporter-output>
          </reporter-output>
        </test-method> <!-- passTest -->
        <test-method status="PASS" signature="getResult(org.testng.ITestResult)[pri:0, instance:reps.ExtentReportsClass@cb5822]" name="getResult" is-config="true" duration-ms="1" started-at="2017-10-12T23:20:59Z" finished-at="2017-10-12T23:20:59Z">
          <params>
            <param index="0">
              <value>
                <![CDATA[[TestResult name=passTest status=SUCCESS method=ExtentReportsClass.passTest()[pri:0, instance:reps.ExtentReportsClass@cb5822] output={null}]]]>
              </value>
            </param>
          </params>
          <reporter-output>
          </reporter-output>
        </test-method> <!-- getResult -->
        <test-method status="SKIP" signature="skipTest()[pri:0, instance:reps.ExtentReportsClass@cb5822]" name="skipTest" duration-ms="4" started-at="2017-10-12T23:20:59Z" finished-at="2017-10-12T23:20:59Z">
          <exception class="org.testng.SkipException">
            <message>
              <![CDATA[Skipping - This is not ready for testing ]]>
            </message>
            <full-stacktrace>
              <![CDATA[org.testng.SkipException: Skipping - This is not ready for testing 
	at reps.ExtentReportsClass.skipTest(ExtentReportsClass.java:49)
	at sun.reflect.NativeMethodAccessorImpl.invoke0(Native Method)
	at sun.reflect.NativeMethodAccessorImpl.invoke(NativeMethodAccessorImpl.java:62)
	at sun.reflect.DelegatingMethodAccessorImpl.invoke(DelegatingMethodAccessorImpl.java:43)
	at java.lang.reflect.Method.invoke(Method.java:483)
	at org.testng.internal.MethodInvocationHelper.invokeMethod(MethodInvocationHelper.java:108)
	at org.testng.internal.Invoker.invokeMethod(Invoker.java:661)
	at org.testng.internal.Invoker.invokeTestMethod(Invoker.java:869)
	at org.testng.internal.Invoker.invokeTestMethods(Invoker.java:1193)
	at org.testng.internal.TestMethodWorker.invokeTestMethods(TestMethodWorker.java:126)
	at org.testng.internal.TestMethodWorker.run(TestMethodWorker.java:109)
	at org.testng.TestRunner.privateRun(TestRunner.java:744)
	at org.testng.TestRunner.run(TestRunner.java:602)
	at org.testng.SuiteRunner.runTest(SuiteRunner.java:380)
	at org.testng.SuiteRunner.runSequentially(SuiteRunner.java:375)
	at org.testng.SuiteRunner.privateRun(SuiteRunner.java:340)
	at org.testng.SuiteRunner.run(SuiteRunner.java:289)
	at org.testng.SuiteRunnerWorker.runSuite(SuiteRunnerWorker.java:52)
	at org.testng.SuiteRunnerWorker.run(SuiteRunnerWorker.java:86)
	at org.testng.TestNG.runSuitesSequentially(TestNG.java:1301)
	at org.testng.TestNG.runSuitesLocally(TestNG.java:1226)
	at org.testng.TestNG.runSuites(TestNG.java:1144)
	at org.testng.TestNG.run(TestNG.java:1115)
	at org.testng.remote.AbstractRemoteTestNG.run(AbstractRemoteTestNG.java:132)
	at org.testng.remote.RemoteTestNG.initAndRun(RemoteTestNG.java:230)
	at org.testng.remote.RemoteTestNG.main(RemoteTestNG.java:76)
]]>
            </full-stacktrace>
          </exception> <!-- org.testng.SkipException -->
          <reporter-output>
          </reporter-output>
        </test-method> <!-- skipTest -->
        <test-method status="PASS" signature="getResult(org.testng.ITestResult)[pri:0, instance:reps.ExtentReportsClass@cb5822]" name="getResult" is-config="true" duration-ms="1" started-at="2017-10-12T23:20:59Z" finished-at="2017-10-12T23:20:59Z">
          <params>
            <param index="0">
              <value>
                <![CDATA[[TestResult name=skipTest status=SKIP method=ExtentReportsClass.skipTest()[pri:0, instance:reps.ExtentReportsClass@cb5822] output={null}]]]>
              </value>
            </param>
          </params>
          <reporter-output>
          </reporter-output>
        </test-method> <!-- getResult -->
        <test-method status="PASS" signature="endReport()[pri:0, instance:reps.ExtentReportsClass@cb5822]" name="endReport" is-config="true" duration-ms="1137" started-at="2017-10-12T23:20:59Z" finished-at="2017-10-12T23:21:00Z">
          <reporter-output>
          </reporter-output>
        </test-method> <!-- endReport -->
      </class> <!-- reps.ExtentReportsClass -->
    </test> <!-- Default test -->
  </suite> <!-- Default suite -->
</testng-results>
